-------------------------------------------------------------------------------
Test set: src.test.java.Mesto1Test
-------------------------------------------------------------------------------
Tests run: 2, Failures: 1, Errors: 1, Skipped: 0, Time elapsed: 5.298 s <<< FAILURE! - in src.test.java.Mesto1Test
likeTheFirstPhoto(src.test.java.Mesto1Test)  Time elapsed: 4.743 s  <<< ERROR!
java.lang.IllegalArgumentException: Cannot invoke method getAt() on null object
	at src.test.java.Mesto1Test.getTheFirstPhotoId(Mesto1Test.java:49)
	at src.test.java.Mesto1Test.likeTheFirstPhoto(Mesto1Test.java:37)
Caused by: java.lang.NullPointerException: Cannot invoke method getAt() on null object
	at src.test.java.Mesto1Test.getTheFirstPhotoId(Mesto1Test.java:49)
	at src.test.java.Mesto1Test.likeTheFirstPhoto(Mesto1Test.java:37)

addNewPhoto(src.test.java.Mesto1Test)  Time elapsed: 0.318 s  <<< FAILURE!
java.lang.AssertionError: 
1 expectation failed.
Expected status code <201> but was <401>.

	at src.test.java.Mesto1Test.addNewPhoto(Mesto1Test.java:30)

